-------------------------------------------------------------------------------
Test set: com.cpsgpartners.azure.SearchTest
-------------------------------------------------------------------------------
Tests run: 1, Failures: 0, Errors: 1, Skipped: 0, Time elapsed: 0.67 sec <<< FAILURE!
testSearch(com.cpsgpartners.azure.SearchTest)  Time elapsed: 0.628 sec  <<< ERROR!
javax.ws.rs.ProcessingException: Already connected
	at org.glassfish.jersey.client.ClientRuntime.invoke(ClientRuntime.java:255)
	at org.glassfish.jersey.client.JerseyInvocation$1.call(JerseyInvocation.java:667)
	at org.glassfish.jersey.client.JerseyInvocation$1.call(JerseyInvocation.java:664)
	at org.glassfish.jersey.internal.Errors.process(Errors.java:315)
	at org.glassfish.jersey.internal.Errors.process(Errors.java:297)
	at org.glassfish.jersey.internal.Errors.process(Errors.java:228)
	at org.glassfish.jersey.process.internal.RequestScope.runInScope(RequestScope.java:444)
	at org.glassfish.jersey.client.JerseyInvocation.invoke(JerseyInvocation.java:664)
	at org.glassfish.jersey.client.JerseyInvocation$Builder.method(JerseyInvocation.java:424)
	at com.cpsgpartners.azure.search.Search.operation(Search.java:286)
	at com.cpsgpartners.azure.search.Search.createIndex(Search.java:31)
	at com.cpsgpartners.azure.SearchTest.testSearch(SearchTest.java:31)
	at sun.reflect.NativeMethodAccessorImpl.invoke0(Native Method)
	at sun.reflect.NativeMethodAccessorImpl.invoke(NativeMethodAccessorImpl.java:62)
	at sun.reflect.DelegatingMethodAccessorImpl.invoke(DelegatingMethodAccessorImpl.java:43)
	at java.lang.reflect.Method.invoke(Method.java:483)
	at org.junit.runners.model.FrameworkMethod$1.runReflectiveCall(FrameworkMethod.java:50)
	at org.junit.internal.runners.model.ReflectiveCallable.run(ReflectiveCallable.java:12)
	at org.junit.runners.model.FrameworkMethod.invokeExplosively(FrameworkMethod.java:47)
	at org.junit.internal.runners.statements.InvokeMethod.evaluate(InvokeMethod.java:17)
	at org.junit.runners.ParentRunner.runLeaf(ParentRunner.java:325)
	at org.junit.runners.BlockJUnit4ClassRunner.runChild(BlockJUnit4ClassRunner.java:78)
	at org.junit.runners.BlockJUnit4ClassRunner.runChild(BlockJUnit4ClassRunner.java:57)
	at org.junit.runners.ParentRunner$3.run(ParentRunner.java:290)
	at org.junit.runners.ParentRunner$1.schedule(ParentRunner.java:71)
	at org.junit.runners.ParentRunner.runChildren(ParentRunner.java:288)
	at org.junit.runners.ParentRunner.access$000(ParentRunner.java:58)
	at org.junit.runners.ParentRunner$2.evaluate(ParentRunner.java:268)
	at org.junit.runners.ParentRunner.run(ParentRunner.java:363)
	at org.apache.maven.surefire.junit4.JUnit4Provider.execute(JUnit4Provider.java:252)
	at org.apache.maven.surefire.junit4.JUnit4Provider.executeTestSet(JUnit4Provider.java:141)
	at org.apache.maven.surefire.junit4.JUnit4Provider.invoke(JUnit4Provider.java:112)
	at sun.reflect.NativeMethodAccessorImpl.invoke0(Native Method)
	at sun.reflect.NativeMethodAccessorImpl.invoke(NativeMethodAccessorImpl.java:62)
	at sun.reflect.DelegatingMethodAccessorImpl.invoke(DelegatingMethodAccessorImpl.java:43)
	at java.lang.reflect.Method.invoke(Method.java:483)
	at org.apache.maven.surefire.util.ReflectionUtils.invokeMethodWithArray(ReflectionUtils.java:189)
	at org.apache.maven.surefire.booter.ProviderFactory$ProviderProxy.invoke(ProviderFactory.java:165)
	at org.apache.maven.surefire.booter.ProviderFactory.invokeProvider(ProviderFactory.java:85)
	at org.apache.maven.surefire.booter.ForkedBooter.runSuitesInProcess(ForkedBooter.java:115)
	at org.apache.maven.surefire.booter.ForkedBooter.main(ForkedBooter.java:75)
Caused by: java.lang.IllegalStateException: Already connected
	at sun.net.www.protocol.http.HttpURLConnection.setRequestProperty(HttpURLConnection.java:3013)
	at sun.net.www.protocol.https.HttpsURLConnectionImpl.setRequestProperty(HttpsURLConnectionImpl.java:316)
	at org.glassfish.jersey.client.HttpUrlConnector.setOutboundHeaders(HttpUrlConnector.java:364)
	at org.glassfish.jersey.client.HttpUrlConnector.access$100(HttpUrlConnector.java:91)
	at org.glassfish.jersey.client.HttpUrlConnector$4.getOutputStream(HttpUrlConnector.java:327)
	at org.glassfish.jersey.message.internal.CommittingOutputStream.commitStream(CommittingOutputStream.java:201)
	at org.glassfish.jersey.message.internal.CommittingOutputStream.commitStream(CommittingOutputStream.java:195)
	at org.glassfish.jersey.message.internal.CommittingOutputStream.commit(CommittingOutputStream.java:263)
	at org.glassfish.jersey.message.internal.OutboundMessageContext.commitStream(OutboundMessageContext.java:816)
	at org.glassfish.jersey.client.ClientRequest.writeEntity(ClientRequest.java:546)
	at org.glassfish.jersey.client.HttpUrlConnector._apply(HttpUrlConnector.java:331)
	at org.glassfish.jersey.client.HttpUrlConnector.apply(HttpUrlConnector.java:243)
	at org.glassfish.jersey.client.ClientRuntime.invoke(ClientRuntime.java:246)
	... 40 more

